[debug] [2018-04-16T07:09:56.411Z] ----------------------------------------------------------------------
[debug] [2018-04-16T07:09:56.414Z] Command:       C:\Program Files\nodejs\node.exe C:\Users\Auron\AppData\Roaming\npm\node_modules\firebase-tools\bin\firebase serve --only functions
[debug] [2018-04-16T07:09:56.415Z] CLI Version:   3.18.4
[debug] [2018-04-16T07:09:56.415Z] Platform:      win32
[debug] [2018-04-16T07:09:56.415Z] Node Version:  v8.11.1
[debug] [2018-04-16T07:09:56.416Z] Time:          Mon Apr 16 2018 09:09:56 GMT+0200 (Mitteleuropäische Sommerzeit)
[debug] [2018-04-16T07:09:56.416Z] ----------------------------------------------------------------------
[debug] 
[debug] [2018-04-16T07:09:56.431Z] > command requires scopes: ["email","openid","https://www.googleapis.com/auth/cloudplatformprojects.readonly","https://www.googleapis.com/auth/firebase","https://www.googleapis.com/auth/cloud-platform"]
[debug] [2018-04-16T07:09:56.432Z] > authorizing via signed-in user
[debug] [2018-04-16T07:09:56.436Z] >>> HTTP REQUEST GET https://admin.firebase.com/v1/projects/vorlesungsplanbot  
  
 Mon Apr 16 2018 09:09:56 GMT+0200 (Mitteleuropäische Sommerzeit)
[debug] [2018-04-16T07:09:57.207Z] <<< HTTP RESPONSE 200
[debug] [2018-04-16T07:09:57.207Z] >>> HTTP REQUEST GET https://admin.firebase.com/v1/database/vorlesungsplanbot/tokens  
  
 Mon Apr 16 2018 09:09:57 GMT+0200 (Mitteleuropäische Sommerzeit)
[debug] [2018-04-16T07:09:57.981Z] <<< HTTP RESPONSE 200
[debug] [2018-04-16T07:09:57.982Z] >>> HTTP REQUEST GET https://cloudresourcemanager.googleapis.com/v1/projects/vorlesungsplanbot  
  
 Mon Apr 16 2018 09:09:57 GMT+0200 (Mitteleuropäische Sommerzeit)
[debug] [2018-04-16T07:09:58.693Z] <<< HTTP RESPONSE 200
[info] 
[info] === Serving from 'C:\Users\Auron\PhpstormProjects\vorlesungsplanBot'...
[info] 
[info] i  functions: Preparing to emulate functions.
[debug] [2018-04-16T07:09:59.788Z] Fetching environment
[debug] [2018-04-16T07:09:59.792Z] >>> HTTP REQUEST GET https://mobilesdk-pa.googleapis.com/v1/projects/604550375890:getServerAppConfig  
  
 Mon Apr 16 2018 09:09:59 GMT+0200 (Mitteleuropäische Sommerzeit)
[debug] [2018-04-16T07:10:00.255Z] <<< HTTP RESPONSE 200
[debug] [2018-04-16T07:10:00.255Z] Starting @google-cloud/functions-emulator
[debug] [2018-04-16T07:10:02.814Z] Parsing function triggers
[info] +  functions: vorlesungsplanBot: http://localhost:5000/vorlesungsplanbot/us-central1/vorlesungsplanBot
